Base path: 'C:/Software/Creator/UnityHub/2020.3.14f1/Editor/Data', plugins path 'C:/Software/Creator/UnityHub/2020.3.14f1/Editor/Data/PlaybackEngines'
Cmd: initializeCompiler

Cmd: compileComputeKernel
  insize=18315 file=C:/ProjectWorking/InteractiveClub/Text-Architecture/textArchitecture/Library/PackageCache/com.unity.postprocessing@3.1.1/PostProcessing/Shaders/Builtins/MultiScaleVOUpsample.compute kernel=MultiScaleVOUpSample cachingPP=1 ppOnly=0 stripLineD=0 buildPlatform=13 km=<MAIN=MultiScaleVOUpSample>,<UNITY_VERSION=202039> pKW=UNITY_NO_DXT5nm UNITY_ENABLE_REFLECTION_BUFFERS UNITY_NO_CUBEMAP_ARRAY UNITY_NO_SCREENSPACE_SHADOWS UNITY_PBS_USE_BRDF2 UNITY_COLORSPACE_GAMMA UNITY_LIGHTMAP_DLDR_ENCODING uKW=SHADER_STAGE_COMPUTE platform=d3d11 flags=0 ok=1 outsize=8518

Cmd: compileComputeKernel
  insize=3240 file=C:/ProjectWorking/InteractiveClub/Text-Architecture/textArchitecture/Library/PackageCache/com.unity.postprocessing@3.1.1/PostProcessing/Shaders/Builtins/ExposureHistogram.compute kernel=KEyeHistogram cachingPP=1 ppOnly=0 stripLineD=0 buildPlatform=9 km=<UNITY_VERSION=202039> pKW=UNITY_NO_DXT5nm UNITY_NO_RGBM UNITY_ENABLE_REFLECTION_BUFFERS UNITY_FRAMEBUFFER_FETCH_AVAILABLE UNITY_NO_SCREENSPACE_SHADOWS UNITY_PBS_USE_BRDF2 SHADER_API_MOBILE UNITY_COLORSPACE_GAMMA UNITY_LIGHTMAP_DLDR_ENCODING uKW=SHADER_STAGE_COMPUTE platform=metal flags=268439552 ok=1 outsize=3298

Cmd: compileComputeKernel
  insize=5009 file=C:/ProjectWorking/InteractiveClub/Text-Architecture/textArchitecture/Library/PackageCache/com.unity.postprocessing@3.1.1/PostProcessing/Shaders/Builtins/Lut3DBaker.compute kernel=KGenLut3D_NeutralTonemap cachingPP=1 ppOnly=0 stripLineD=0 buildPlatform=9 km=<TONEMAPPING_NEUTRAL=1>,<UNITY_VERSION=202039> pKW=UNITY_NO_DXT5nm UNITY_NO_RGBM UNITY_ENABLE_REFLECTION_BUFFERS UNITY_FRAMEBUFFER_FETCH_AVAILABLE UNITY_NO_SCREENSPACE_SHADOWS UNITY_PBS_USE_BRDF2 SHADER_API_MOBILE UNITY_COLORSPACE_GAMMA UNITY_LIGHTMAP_DLDR_ENCODING uKW=SHADER_STAGE_COMPUTE platform=metal flags=268439552 ok=1 outsize=8389

Cmd: compileComputeKernel
  insize=10925 file=C:/ProjectWorking/InteractiveClub/Text-Architecture/textArchitecture/Library/PackageCache/com.unity.postprocessing@3.1.1/PostProcessing/Shaders/Builtins/MultiScaleVORender.compute kernel=MultiScaleVORender_interleaved cachingPP=1 ppOnly=0 stripLineD=0 buildPlatform=9 km=<MAIN=MultiScaleVORender_interleaved>,<INTERLEAVE_RESULT=1>,<UNITY_VERSION=202039> pKW=UNITY_NO_DXT5nm UNITY_NO_RGBM UNITY_ENABLE_REFLECTION_BUFFERS UNITY_FRAMEBUFFER_FETCH_AVAILABLE UNITY_NO_SCREENSPACE_SHADOWS UNITY_PBS_USE_BRDF2 SHADER_API_MOBILE UNITY_COLORSPACE_GAMMA UNITY_LIGHTMAP_DLDR_ENCODING uKW=SHADER_STAGE_COMPUTE platform=metal flags=268439552 ok=1 outsize=18684

Cmd: compileComputeKernel
  insize=1556 file=C:/ProjectWorking/InteractiveClub/Text-Architecture/textArchitecture/Library/PackageCache/com.unity.postprocessing@3.1.1/PostProcessing/Shaders/Debug/Vectorscope.compute kernel=KVectorscopeClear cachingPP=1 ppOnly=0 stripLineD=0 buildPlatform=9 km=<UNITY_VERSION=202039> pKW=UNITY_NO_DXT5nm UNITY_NO_RGBM UNITY_ENABLE_REFLECTION_BUFFERS UNITY_FRAMEBUFFER_FETCH_AVAILABLE UNITY_NO_SCREENSPACE_SHADOWS UNITY_PBS_USE_BRDF2 SHADER_API_MOBILE UNITY_COLORSPACE_GAMMA UNITY_LIGHTMAP_DLDR_ENCODING uKW=SHADER_STAGE_COMPUTE platform=metal flags=268439552 ok=1 outsize=1142

Cmd: compileComputeKernel
  insize=2092 file=C:/ProjectWorking/InteractiveClub/Text-Architecture/textArchitecture/Library/PackageCache/com.unity.postprocessing@3.1.1/PostProcessing/Shaders/Builtins/MultiScaleVODownsample2.compute kernel=MultiScaleVODownsample2 cachingPP=1 ppOnly=0 stripLineD=0 buildPlatform=9 km=<main=MultiScaleVODownsample2>,<UNITY_VERSION=202039> pKW=UNITY_NO_DXT5nm UNITY_NO_RGBM UNITY_ENABLE_REFLECTION_BUFFERS UNITY_FRAMEBUFFER_FETCH_AVAILABLE UNITY_NO_SCREENSPACE_SHADOWS UNITY_PBS_USE_BRDF2 SHADER_API_MOBILE UNITY_COLORSPACE_GAMMA UNITY_LIGHTMAP_DLDR_ENCODING uKW=SHADER_STAGE_COMPUTE platform=metal flags=268439552 ok=1 outsize=2326

Cmd: compileComputeKernel
  insize=2161 file=C:/ProjectWorking/InteractiveClub/Text-Architecture/textArchitecture/Library/PackageCache/com.unity.postprocessing@3.1.1/PostProcessing/Shaders/Debug/Histogram.compute kernel=KHistogramClear cachingPP=1 ppOnly=0 stripLineD=0 buildPlatform=9 km=<UNITY_VERSION=202039> pKW=UNITY_NO_DXT5nm UNITY_NO_RGBM UNITY_ENABLE_REFLECTION_BUFFERS UNITY_FRAMEBUFFER_FETCH_AVAILABLE UNITY_NO_SCREENSPACE_SHADOWS UNITY_PBS_USE_BRDF2 SHADER_API_MOBILE UNITY_COLORSPACE_GAMMA UNITY_LIGHTMAP_DLDR_ENCODING uKW=SHADER_STAGE_COMPUTE platform=metal flags=268439552 ok=1 outsize=676

Cmd: compileComputeKernel
  insize=1908 file=C:/ProjectWorking/InteractiveClub/Text-Architecture/textArchitecture/Library/PackageCache/com.unity.postprocessing@3.1.1/PostProcessing/Shaders/Debug/Waveform.compute kernel=KWaveformGather cachingPP=1 ppOnly=0 stripLineD=0 buildPlatform=9 km=<UNITY_VERSION=202039> pKW=UNITY_NO_DXT5nm UNITY_NO_RGBM UNITY_ENABLE_REFLECTION_BUFFERS UNITY_FRAMEBUFFER_FETCH_AVAILABLE UNITY_NO_SCREENSPACE_SHADOWS UNITY_PBS_USE_BRDF2 SHADER_API_MOBILE UNITY_COLORSPACE_GAMMA UNITY_LIGHTMAP_DLDR_ENCODING uKW=SHADER_STAGE_COMPUTE platform=metal flags=268439552 ok=1 outsize=2562

Cmd: compileComputeKernel
  insize=18315 file=C:/ProjectWorking/InteractiveClub/Text-Architecture/textArchitecture/Library/PackageCache/com.unity.postprocessing@3.1.1/PostProcessing/Shaders/Builtins/MultiScaleVOUpsample.compute kernel=MultiScaleVOUpSample_premin cachingPP=1 ppOnly=0 stripLineD=0 buildPlatform=9 km=<MAIN=MultiScaleVOUpSample_premin>,<COMBINE_LOWER_RESOLUTIONS=1>,<UNITY_VERSION=202039> pKW=UNITY_NO_DXT5nm UNITY_ENABLE_REFLECTION_BUFFERS UNITY_NO_SCREENSPACE_SHADOWS UNITY_PBS_USE_BRDF2 UNITY_COLORSPACE_GAMMA UNITY_LIGHTMAP_DLDR_ENCODING uKW=SHADER_STAGE_COMPUTE platform=d3d11 flags=0 ok=1 outsize=8653

Cmd: compileComputeKernel
  insize=18315 file=C:/ProjectWorking/InteractiveClub/Text-Architecture/textArchitecture/Library/PackageCache/com.unity.postprocessing@3.1.1/PostProcessing/Shaders/Builtins/MultiScaleVOUpsample.compute kernel=MultiScaleVOUpSample_MSAA_invert cachingPP=1 ppOnly=0 stripLineD=0 buildPlatform=9 km=<MAIN=MultiScaleVOUpSample_MSAA_invert>,<MSAA=1>,<INVERT=1>,<UNITY_VERSION=202039> pKW=UNITY_NO_DXT5nm UNITY_NO_RGBM UNITY_ENABLE_REFLECTION_BUFFERS UNITY_FRAMEBUFFER_FETCH_AVAILABLE UNITY_NO_SCREENSPACE_SHADOWS UNITY_PBS_USE_BRDF2 SHADER_API_MOBILE UNITY_COLORSPACE_GAMMA UNITY_LIGHTMAP_DLDR_ENCODING uKW=SHADER_STAGE_COMPUTE platform=metal flags=268439552 ok=1 outsize=24748

